{"/home/tjunk/Intevation/csaf_webview/src/lib/docmodel/docmodel.ts": {"path":"/home/tjunk/Intevation/csaf_webview/src/lib/docmodel/docmodel.ts","statementMap":{"0":{"start":{"line":3,"column":29},"end":{"line":5,"column":null}},"1":{"start":{"line":4,"column":1},"end":{"line":4,"column":null}},"2":{"start":{"line":7,"column":29},"end":{"line":9,"column":null}},"3":{"start":{"line":8,"column":1},"end":{"line":8,"column":null}},"4":{"start":{"line":11,"column":33},"end":{"line":13,"column":null}},"5":{"start":{"line":12,"column":1},"end":{"line":12,"column":null}},"6":{"start":{"line":15,"column":24},"end":{"line":21,"column":null}},"7":{"start":{"line":16,"column":1},"end":{"line":19,"column":null}},"8":{"start":{"line":23,"column":17},"end":{"line":26,"column":null}},"9":{"start":{"line":24,"column":1},"end":{"line":24,"column":null}},"10":{"start":{"line":24,"column":37},"end":{"line":24,"column":null}},"11":{"start":{"line":25,"column":1},"end":{"line":25,"column":null}},"12":{"start":{"line":28,"column":20},"end":{"line":31,"column":null}},"13":{"start":{"line":29,"column":1},"end":{"line":29,"column":null}},"14":{"start":{"line":29,"column":37},"end":{"line":29,"column":null}},"15":{"start":{"line":30,"column":1},"end":{"line":30,"column":null}},"16":{"start":{"line":33,"column":23},"end":{"line":36,"column":null}},"17":{"start":{"line":34,"column":1},"end":{"line":34,"column":null}},"18":{"start":{"line":34,"column":37},"end":{"line":34,"column":null}},"19":{"start":{"line":35,"column":1},"end":{"line":35,"column":null}},"20":{"start":{"line":38,"column":14},"end":{"line":41,"column":null}},"21":{"start":{"line":39,"column":1},"end":{"line":39,"column":null}},"22":{"start":{"line":39,"column":37},"end":{"line":39,"column":null}},"23":{"start":{"line":40,"column":1},"end":{"line":40,"column":null}},"24":{"start":{"line":43,"column":15},"end":{"line":57,"column":null}},"25":{"start":{"line":44,"column":1},"end":{"line":44,"column":null}},"26":{"start":{"line":44,"column":32},"end":{"line":44,"column":null}},"27":{"start":{"line":45,"column":1},"end":{"line":56,"column":null}},"28":{"start":{"line":47,"column":3},"end":{"line":47,"column":null}},"29":{"start":{"line":49,"column":3},"end":{"line":49,"column":null}},"30":{"start":{"line":51,"column":3},"end":{"line":51,"column":null}},"31":{"start":{"line":53,"column":3},"end":{"line":53,"column":null}},"32":{"start":{"line":55,"column":3},"end":{"line":55,"column":null}},"33":{"start":{"line":59,"column":18},"end":{"line":71,"column":null}},"34":{"start":{"line":60,"column":1},"end":{"line":60,"column":null}},"35":{"start":{"line":60,"column":37},"end":{"line":60,"column":null}},"36":{"start":{"line":61,"column":1},"end":{"line":70,"column":null}},"37":{"start":{"line":63,"column":3},"end":{"line":63,"column":null}},"38":{"start":{"line":65,"column":3},"end":{"line":65,"column":null}},"39":{"start":{"line":67,"column":3},"end":{"line":67,"column":null}},"40":{"start":{"line":69,"column":3},"end":{"line":69,"column":null}},"41":{"start":{"line":73,"column":21},"end":{"line":76,"column":null}},"42":{"start":{"line":74,"column":1},"end":{"line":74,"column":null}},"43":{"start":{"line":74,"column":37},"end":{"line":74,"column":null}},"44":{"start":{"line":75,"column":1},"end":{"line":75,"column":null}},"45":{"start":{"line":78,"column":22},"end":{"line":81,"column":null}},"46":{"start":{"line":79,"column":1},"end":{"line":79,"column":null}},"47":{"start":{"line":79,"column":37},"end":{"line":79,"column":null}},"48":{"start":{"line":80,"column":1},"end":{"line":80,"column":null}},"49":{"start":{"line":83,"column":26},"end":{"line":99,"column":null}},"50":{"start":{"line":84,"column":28},"end":{"line":97,"column":null}},"51":{"start":{"line":98,"column":1},"end":{"line":98,"column":null}}},"fnMap":{"0":{"name":"(anonymous_0)","decl":{"start":{"line":3,"column":29},"end":{"line":3,"column":30}},"loc":{"start":{"line":3,"column":56},"end":{"line":5,"column":null}}},"1":{"name":"(anonymous_1)","decl":{"start":{"line":7,"column":29},"end":{"line":7,"column":30}},"loc":{"start":{"line":7,"column":56},"end":{"line":9,"column":null}}},"2":{"name":"(anonymous_2)","decl":{"start":{"line":11,"column":33},"end":{"line":11,"column":34}},"loc":{"start":{"line":11,"column":60},"end":{"line":13,"column":null}}},"3":{"name":"(anonymous_3)","decl":{"start":{"line":15,"column":24},"end":{"line":15,"column":25}},"loc":{"start":{"line":15,"column":51},"end":{"line":21,"column":null}}},"4":{"name":"(anonymous_4)","decl":{"start":{"line":23,"column":17},"end":{"line":23,"column":18}},"loc":{"start":{"line":23,"column":43},"end":{"line":26,"column":null}}},"5":{"name":"(anonymous_5)","decl":{"start":{"line":28,"column":20},"end":{"line":28,"column":21}},"loc":{"start":{"line":28,"column":46},"end":{"line":31,"column":null}}},"6":{"name":"(anonymous_6)","decl":{"start":{"line":33,"column":23},"end":{"line":33,"column":24}},"loc":{"start":{"line":33,"column":49},"end":{"line":36,"column":null}}},"7":{"name":"(anonymous_7)","decl":{"start":{"line":38,"column":14},"end":{"line":38,"column":15}},"loc":{"start":{"line":38,"column":40},"end":{"line":41,"column":null}}},"8":{"name":"(anonymous_8)","decl":{"start":{"line":43,"column":15},"end":{"line":43,"column":16}},"loc":{"start":{"line":43,"column":41},"end":{"line":57,"column":null}}},"9":{"name":"(anonymous_9)","decl":{"start":{"line":59,"column":18},"end":{"line":59,"column":19}},"loc":{"start":{"line":59,"column":44},"end":{"line":71,"column":null}}},"10":{"name":"(anonymous_10)","decl":{"start":{"line":73,"column":21},"end":{"line":73,"column":22}},"loc":{"start":{"line":73,"column":47},"end":{"line":76,"column":null}}},"11":{"name":"(anonymous_11)","decl":{"start":{"line":78,"column":22},"end":{"line":78,"column":23}},"loc":{"start":{"line":78,"column":48},"end":{"line":81,"column":null}}},"12":{"name":"(anonymous_12)","decl":{"start":{"line":83,"column":26},"end":{"line":83,"column":27}},"loc":{"start":{"line":83,"column":54},"end":{"line":99,"column":null}}}},"branchMap":{"0":{"loc":{"start":{"line":8,"column":8},"end":{"line":8,"column":null}},"type":"binary-expr","locations":[{"start":{"line":8,"column":8},"end":{"line":8,"column":41}},{"start":{"line":8,"column":41},"end":{"line":8,"column":null}}]},"1":{"loc":{"start":{"line":12,"column":8},"end":{"line":12,"column":null}},"type":"binary-expr","locations":[{"start":{"line":12,"column":8},"end":{"line":12,"column":41}},{"start":{"line":12,"column":41},"end":{"line":12,"column":null}}]},"2":{"loc":{"start":{"line":17,"column":2},"end":{"line":19,"column":null}},"type":"binary-expr","locations":[{"start":{"line":17,"column":2},"end":{"line":17,"column":null}},{"start":{"line":18,"column":2},"end":{"line":18,"column":null}},{"start":{"line":19,"column":2},"end":{"line":19,"column":null}}]},"3":{"loc":{"start":{"line":24,"column":1},"end":{"line":24,"column":null}},"type":"if","locations":[{"start":{"line":24,"column":1},"end":{"line":24,"column":null}},{"start":{"line":24,"column":1},"end":{"line":24,"column":null}}]},"4":{"loc":{"start":{"line":25,"column":8},"end":{"line":25,"column":null}},"type":"binary-expr","locations":[{"start":{"line":25,"column":8},"end":{"line":25,"column":48}},{"start":{"line":25,"column":48},"end":{"line":25,"column":null}}]},"5":{"loc":{"start":{"line":29,"column":1},"end":{"line":29,"column":null}},"type":"if","locations":[{"start":{"line":29,"column":1},"end":{"line":29,"column":null}},{"start":{"line":29,"column":1},"end":{"line":29,"column":null}}]},"6":{"loc":{"start":{"line":30,"column":8},"end":{"line":30,"column":null}},"type":"binary-expr","locations":[{"start":{"line":30,"column":8},"end":{"line":30,"column":47}},{"start":{"line":30,"column":47},"end":{"line":30,"column":null}}]},"7":{"loc":{"start":{"line":34,"column":1},"end":{"line":34,"column":null}},"type":"if","locations":[{"start":{"line":34,"column":1},"end":{"line":34,"column":null}},{"start":{"line":34,"column":1},"end":{"line":34,"column":null}}]},"8":{"loc":{"start":{"line":35,"column":8},"end":{"line":35,"column":null}},"type":"binary-expr","locations":[{"start":{"line":35,"column":8},"end":{"line":35,"column":54}},{"start":{"line":35,"column":54},"end":{"line":35,"column":null}}]},"9":{"loc":{"start":{"line":39,"column":1},"end":{"line":39,"column":null}},"type":"if","locations":[{"start":{"line":39,"column":1},"end":{"line":39,"column":null}},{"start":{"line":39,"column":1},"end":{"line":39,"column":null}}]},"10":{"loc":{"start":{"line":40,"column":8},"end":{"line":40,"column":null}},"type":"binary-expr","locations":[{"start":{"line":40,"column":8},"end":{"line":40,"column":54}},{"start":{"line":40,"column":54},"end":{"line":40,"column":null}}]},"11":{"loc":{"start":{"line":44,"column":1},"end":{"line":44,"column":null}},"type":"if","locations":[{"start":{"line":44,"column":1},"end":{"line":44,"column":null}},{"start":{"line":44,"column":1},"end":{"line":44,"column":null}}]},"12":{"loc":{"start":{"line":45,"column":1},"end":{"line":56,"column":null}},"type":"switch","locations":[{"start":{"line":46,"column":2},"end":{"line":47,"column":null}},{"start":{"line":48,"column":2},"end":{"line":49,"column":null}},{"start":{"line":50,"column":2},"end":{"line":51,"column":null}},{"start":{"line":52,"column":2},"end":{"line":53,"column":null}},{"start":{"line":54,"column":2},"end":{"line":55,"column":null}}]},"13":{"loc":{"start":{"line":60,"column":1},"end":{"line":60,"column":null}},"type":"if","locations":[{"start":{"line":60,"column":1},"end":{"line":60,"column":null}},{"start":{"line":60,"column":1},"end":{"line":60,"column":null}}]},"14":{"loc":{"start":{"line":61,"column":1},"end":{"line":70,"column":null}},"type":"switch","locations":[{"start":{"line":62,"column":2},"end":{"line":63,"column":null}},{"start":{"line":64,"column":2},"end":{"line":65,"column":null}},{"start":{"line":66,"column":2},"end":{"line":67,"column":null}},{"start":{"line":68,"column":2},"end":{"line":69,"column":null}}]},"15":{"loc":{"start":{"line":74,"column":1},"end":{"line":74,"column":null}},"type":"if","locations":[{"start":{"line":74,"column":1},"end":{"line":74,"column":null}},{"start":{"line":74,"column":1},"end":{"line":74,"column":null}}]},"16":{"loc":{"start":{"line":75,"column":8},"end":{"line":75,"column":null}},"type":"binary-expr","locations":[{"start":{"line":75,"column":8},"end":{"line":75,"column":70}},{"start":{"line":75,"column":70},"end":{"line":75,"column":null}}]},"17":{"loc":{"start":{"line":79,"column":1},"end":{"line":79,"column":null}},"type":"if","locations":[{"start":{"line":79,"column":1},"end":{"line":79,"column":null}},{"start":{"line":79,"column":1},"end":{"line":79,"column":null}}]},"18":{"loc":{"start":{"line":80,"column":8},"end":{"line":80,"column":null}},"type":"binary-expr","locations":[{"start":{"line":80,"column":8},"end":{"line":80,"column":70}},{"start":{"line":80,"column":70},"end":{"line":80,"column":null}}]}},"s":{"0":1,"1":168,"2":1,"3":70,"4":1,"5":42,"6":1,"7":28,"8":1,"9":14,"10":1,"11":13,"12":1,"13":14,"14":1,"15":13,"16":1,"17":14,"18":1,"19":13,"20":1,"21":14,"22":9,"23":5,"24":1,"25":14,"26":12,"27":2,"28":0,"29":0,"30":0,"31":1,"32":1,"33":1,"34":14,"35":9,"36":5,"37":0,"38":1,"39":0,"40":4,"41":1,"42":14,"43":9,"44":5,"45":1,"46":14,"47":9,"48":5,"49":1,"50":14,"51":14},"f":{"0":168,"1":70,"2":42,"3":28,"4":14,"5":14,"6":14,"7":14,"8":14,"9":14,"10":14,"11":14,"12":14},"b":{"0":[70,65],"1":[42,39],"2":[28,8,6],"3":[1,13],"4":[13,12],"5":[1,13],"6":[13,12],"7":[1,13],"8":[13,12],"9":[9,5],"10":[5,4],"11":[12,2],"12":[0,0,0,1,1],"13":[9,5],"14":[0,1,0,4],"15":[9,5],"16":[5,4],"17":[9,5],"18":[5,4]}}
}
