{"total": {"lines":{"total":44,"covered":39,"skipped":0,"pct":88.63},"statements":{"total":52,"covered":47,"skipped":0,"pct":90.38},"functions":{"total":13,"covered":13,"skipped":0,"pct":100},"branches":{"total":44,"covered":39,"skipped":0,"pct":88.63},"branchesTrue":{"total":0,"covered":0,"skipped":0,"pct":"Unknown"}}
,"/home/tjunk/Intevation/csaf_webview/src/lib/docmodel/docmodel.ts": {"lines":{"total":44,"covered":39,"skipped":0,"pct":88.63},"functions":{"total":13,"covered":13,"skipped":0,"pct":100},"statements":{"total":52,"covered":47,"skipped":0,"pct":90.38},"branches":{"total":44,"covered":39,"skipped":0,"pct":88.63}}
}
